<?xml version="1.0" encoding="UTF-8"?>
<!-- Generated by org.testng.reporters.JUnitReportReporter -->
<testsuite hostname="DESKTOP-807N78D" failures="0" tests="2" name="ecommerce.tests.ErrorValidationsTest" time="25.491" errors="0" timestamp="2024-03-10T20:02:03 PST" skipped="0">
  <testcase classname="ecommerce.tests.ErrorValidationsTest" name="ProductErrorValidation" time="20.446"/>
  <testcase classname="ecommerce.tests.ErrorValidationsTest" name="LoginErrorValidation" time="5.045"/>
</testsuite> <!-- ecommerce.tests.ErrorValidationsTest -->
