<?xml version="1.0" encoding="UTF-8"?>
<!-- Generated by org.testng.reporters.JUnitReportReporter -->
<testsuite hostname="DESKTOP-807N78D" failures="0" tests="1" name="ecommerce.tests.ErrorValidation" time="4.694" errors="0" timestamp="2024-03-05T21:39:11 PST" skipped="0">
  <testcase classname="ecommerce.tests.ErrorValidation" name="submitOrder" time="4.694"/>
</testsuite> <!-- ecommerce.tests.ErrorValidation -->
