<?xml version="1.0" encoding="UTF-8"?>
<!-- Generated by org.testng.reporters.JUnitReportReporter -->
<testsuite hostname="DESKTOP-807N78D" failures="0" tests="1" name="ecommerce.tests.SubmitOrderTest" time="19.458" errors="0" timestamp="2024-03-05T21:08:36 PST" skipped="0">
  <testcase classname="ecommerce.tests.SubmitOrderTest" name="submitOrder" time="19.458"/>
</testsuite> <!-- ecommerce.tests.SubmitOrderTest -->
